<?xml version="1.0" encoding="UTF-8"?>
<!-- Generated by org.testng.reporters.JUnitXMLReporter -->
<testsuite ignored="0" hostname="DESKTOP-N13ARBV" failures="0" tests="3" name="Test" time="21.467" errors="0" timestamp="2025-02-16T17:20:16 IST">
  <testcase classname="com.softbank.testcases.TC01_SuccessfulUseLogin" name="testUserLogin" time="1.235"/>
  <testcase classname="com.softbank.testcases.TC01_SuccessfulUseLogin" name="testUserLogin" time="0.93"/>
  <testcase classname="com.softbank.testcases.TC02_PlacingOrder" name="placeOrder" time="10.373"/>
</testsuite> <!-- Test -->
