<?xml version="1.0" encoding="UTF-8"?>
<testsuite xmlns:xsi="http://www.w3.org/2001/XMLSchema-instance" xsi:noNamespaceSchemaLocation="https://maven.apache.org/surefire/maven-surefire-plugin/xsd/surefire-test-report-3.0.xsd" version="3.0" name="TestSuite" time="41.083" tests="2" errors="0" skipped="0" failures="0">
  <properties>
[...]
</properties>
  <testcase name="testUserLogin[standard_user, secret_sauce](1)" classname="com.softbank.testcases.TC01_SuccessfulUseLogin" time="5.645">
    <system-out><![CDATA[C:\Users\02155Y744\eclipse-workspace\SoftBank/test-output/Test-Report2025.02.13.16.34.11.html
inse the base
created report and adding details
]]></system-out>
    <system-err><![CDATA[SLF4J: No SLF4J providers were found.
SLF4J: Defaulting to no-operation (NOP) logger implementation
SLF4J: See https://www.slf4j.org/codes.html#noProviders for further details.
Starting ChromeDriver 133.0.6943.53 (9a80935019b0925b01cc21d254da203bc3986f04-refs/branch-heads/6943@{#1389}) on port 49890
Only local connections are allowed.
Please see https://chromedriver.chromium.org/security-considerations for suggestions on keeping ChromeDriver safe.
ChromeDriver was started successfully on port 49890.
Feb 13, 2025 4:34:13 PM org.openqa.selenium.remote.ProtocolHandshake createSession
INFO: Detected dialect: W3C
]]></system-err>
  </testcase>
  <testcase name="testUserLogin[standard_user, secret_sauce](2)" classname="com.softbank.testcases.TC01_SuccessfulUseLogin" time="5.495">
    <system-out><![CDATA[created report and adding details
]]></system-out>
  </testcase>
</testsuite>