<?xml version="1.0" encoding="UTF-8"?>
<testng-results ignored="0" total="2" passed="2" failed="0" skipped="0">
  <reporter-output>
  </reporter-output>
  <suite started-at="2025-02-13T16:34:11 IST" name="Suite" finished-at="2025-02-13T16:34:52 IST" duration-ms="40275">
    <groups>
    </groups>
    <test started-at="2025-02-13T16:34:11 IST" name="Test" finished-at="2025-02-13T16:34:52 IST" duration-ms="40275">
      <class name="com.softbank.testcases.TC01_SuccessfulUseLogin">
        <test-method is-config="true" signature="Setup(java.lang.String)[pri:0, instance:com.softbank.testcases.TC01_SuccessfulUseLogin@69997e9d]" started-at="2025-02-13T16:34:11 IST" name="Setup" finished-at="2025-02-13T16:34:40 IST" duration-ms="28314" status="PASS">
          <params>
            <param index="0">
              <value>
                <![CDATA[chrome]]>
              </value>
            </param>
          </params>
          <reporter-output>
          </reporter-output>
        </test-method> <!-- Setup -->
        <test-method signature="testUserLogin(java.lang.String,java.lang.String)[pri:0, instance:com.softbank.testcases.TC01_SuccessfulUseLogin@69997e9d]" started-at="2025-02-13T16:34:40 IST" name="testUserLogin" data-provider="userdata" finished-at="2025-02-13T16:34:45 IST" duration-ms="5658" status="PASS">
          <params>
            <param index="0">
              <value>
                <![CDATA[standard_user]]>
              </value>
            </param>
            <param index="1">
              <value>
                <![CDATA[secret_sauce]]>
              </value>
            </param>
          </params>
          <reporter-output>
          </reporter-output>
        </test-method> <!-- testUserLogin -->
        <test-method signature="testUserLogin(java.lang.String,java.lang.String)[pri:0, instance:com.softbank.testcases.TC01_SuccessfulUseLogin@69997e9d]" started-at="2025-02-13T16:34:45 IST" name="testUserLogin" data-provider="userdata" finished-at="2025-02-13T16:34:51 IST" duration-ms="5495" status="PASS">
          <params>
            <param index="0">
              <value>
                <![CDATA[standard_user]]>
              </value>
            </param>
            <param index="1">
              <value>
                <![CDATA[secret_sauce]]>
              </value>
            </param>
          </params>
          <reporter-output>
          </reporter-output>
        </test-method> <!-- testUserLogin -->
        <test-method is-config="true" signature="tearDown(org.testng.ITestContext)[pri:0, instance:com.softbank.testcases.TC01_SuccessfulUseLogin@69997e9d]" started-at="2025-02-13T16:34:51 IST" name="tearDown" finished-at="2025-02-13T16:34:52 IST" duration-ms="654" status="PASS">
          <params>
            <param index="0">
              <value>
                <![CDATA[org.testng.TestRunner@54cf7c6a]]>
              </value>
            </param>
          </params>
          <reporter-output>
          </reporter-output>
        </test-method> <!-- tearDown -->
      </class> <!-- com.softbank.testcases.TC01_SuccessfulUseLogin -->
    </test> <!-- Test -->
  </suite> <!-- Suite -->
</testng-results>
