<?xml version="1.0" encoding="UTF-8"?>
<testng-results ignored="0" total="3" passed="3" failed="0" skipped="0">
  <reporter-output>
  </reporter-output>
  <suite started-at="2025-02-16T17:19:54 IST" name="Suite" finished-at="2025-02-16T17:20:16 IST" duration-ms="21467">
    <groups>
    </groups>
    <test started-at="2025-02-16T17:19:54 IST" name="Test" finished-at="2025-02-16T17:20:16 IST" duration-ms="21467">
      <class name="com.softbank.testcases.TC01_SuccessfulUseLogin">
        <test-method is-config="true" signature="Setup(java.lang.String)[pri:0, instance:com.softbank.testcases.TC01_SuccessfulUseLogin@15ff3e9e]" started-at="2025-02-16T17:19:54 IST" name="Setup" finished-at="2025-02-16T17:19:59 IST" duration-ms="4064" status="PASS">
          <params>
            <param index="0">
              <value>
                <![CDATA[chrome]]>
              </value>
            </param>
          </params>
          <reporter-output>
          </reporter-output>
        </test-method> <!-- Setup -->
        <test-method signature="testUserLogin(java.lang.Object,java.lang.Object)[pri:0, instance:com.softbank.testcases.TC01_SuccessfulUseLogin@15ff3e9e]" started-at="2025-02-16T17:19:59 IST" name="testUserLogin" data-provider="exceldata" finished-at="2025-02-16T17:20:00 IST" duration-ms="1235" status="PASS">
          <params>
            <param index="0">
              <value>
                <![CDATA[standard_user]]>
              </value>
            </param>
            <param index="1">
              <value>
                <![CDATA[secret_sauce]]>
              </value>
            </param>
          </params>
          <reporter-output>
          </reporter-output>
        </test-method> <!-- testUserLogin -->
        <test-method signature="testUserLogin(java.lang.Object,java.lang.Object)[pri:0, instance:com.softbank.testcases.TC01_SuccessfulUseLogin@15ff3e9e]" started-at="2025-02-16T17:20:00 IST" name="testUserLogin" data-provider="exceldata" finished-at="2025-02-16T17:20:01 IST" duration-ms="930" status="PASS">
          <params>
            <param index="0">
              <value>
                <![CDATA[standard_user]]>
              </value>
            </param>
            <param index="1">
              <value>
                <![CDATA[secret_sauce]]>
              </value>
            </param>
          </params>
          <reporter-output>
          </reporter-output>
        </test-method> <!-- testUserLogin -->
        <test-method is-config="true" signature="tearDown(org.testng.ITestContext)[pri:0, instance:com.softbank.testcases.TC01_SuccessfulUseLogin@15ff3e9e]" started-at="2025-02-16T17:20:01 IST" name="tearDown" finished-at="2025-02-16T17:20:02 IST" duration-ms="230" status="PASS">
          <params>
            <param index="0">
              <value>
                <![CDATA[org.testng.TestRunner@7fad214a]]>
              </value>
            </param>
          </params>
          <reporter-output>
          </reporter-output>
        </test-method> <!-- tearDown -->
      </class> <!-- com.softbank.testcases.TC01_SuccessfulUseLogin -->
      <class name="com.softbank.testcases.TC02_PlacingOrder">
        <test-method is-config="true" signature="Setup(java.lang.String)[pri:0, instance:com.softbank.testcases.TC02_PlacingOrder@6aba2b86]" started-at="2025-02-16T17:20:02 IST" name="Setup" finished-at="2025-02-16T17:20:05 IST" duration-ms="3656" status="PASS">
          <params>
            <param index="0">
              <value>
                <![CDATA[chrome]]>
              </value>
            </param>
          </params>
          <reporter-output>
          </reporter-output>
        </test-method> <!-- Setup -->
        <test-method signature="placeOrder()[pri:0, instance:com.softbank.testcases.TC02_PlacingOrder@6aba2b86]" started-at="2025-02-16T17:20:05 IST" name="placeOrder" finished-at="2025-02-16T17:20:16 IST" duration-ms="10373" status="PASS">
          <reporter-output>
          </reporter-output>
        </test-method> <!-- placeOrder -->
        <test-method is-config="true" signature="tearDown(org.testng.ITestContext)[pri:0, instance:com.softbank.testcases.TC02_PlacingOrder@6aba2b86]" started-at="2025-02-16T17:20:16 IST" name="tearDown" finished-at="2025-02-16T17:20:16 IST" duration-ms="235" status="PASS">
          <params>
            <param index="0">
              <value>
                <![CDATA[org.testng.TestRunner@7fad214a]]>
              </value>
            </param>
          </params>
          <reporter-output>
          </reporter-output>
        </test-method> <!-- tearDown -->
      </class> <!-- com.softbank.testcases.TC02_PlacingOrder -->
    </test> <!-- Test -->
  </suite> <!-- Suite -->
</testng-results>
